277,314d276
< 000530 41.24N  72.12W LIW  21 NEAR LONG ISL TWIN FK  NY  9999 Usr Rqst 5-23
< 000531 32.70N  80.00W CEA  11 CHARLESTON EXEC ARPT   SC     6 Usr Rqst 5-23
< 000532 47.91N  89.14W WINM 11 WINDIGO                MI   293 Usr Rqst 5-23
< 000533 46.67N  88.35W HERM 11 HERMAN                 MI   530 Usr Rqst 5-23
< 000534 45.24N 122.77W KUAO 11 AURORA AIRPORT         OR    59 Usr Rqst 5-23
< 000535 20.79N 156.01W PHHN 11 HANA AIRPORT           HI    24 Usr Rqst 5-23
< 000536 20.71N 156.25W HLKL 11 HALEAKALA SUMMIT       HI  3055 Usr Rqst 5-23
< 000537 19.82N 155.47W MKEA 11 MAUNA KEA SUMMIT       HI  4207 Usr Rqst 5-23
< 000538 22.04N 159.78W PHBK 11 BARKING SANDS          HI     7 Usr Rqst 5-23
< 000539 22.27N 155.86W PHUP 11 UPOLU AIRPORT          HI    29 Usr Rqst 5-23
< 000540 19.47N 155.59W MLOA 11 MAUNA LOA SUMMIT       HI  4169 Usr Rqst 5-23
< 000541 28.20N 177.38W PMDY 11 HENDERSON FIELD        HI     5 Usr Rqst 5-23
< 000542 22.21N 159.44W HI01 11 PRINCEVILLE AIRPORT    HI   105 Usr Rqst 5-23
< 000543 21.45N 157.77W PHNG 11 KANEOHE BAY MCAS       HI     7 Usr Rqst 5-23
< 000544 19.10N 155.57W SCPE 11 SOUTH CAPE             HI   355 Usr Rqst 5-23
< 000545 38.43N  79.84W GBO  11 GREEN BANK OBSERVATORY WV   807 Usr Rqst 5-23
< 000546 44.85N  74.33W MALO 11 MALONE                 NY   240 Usr Rqst 5-23
< 000547 44.56N  73.33W CLCR 21 COLCHESTER REEF        VT    29 Usr Rqst 5-23
< 000548 45.00N  73.33W ALBU 21 ALBAUGH                VT    38 Usr Rqst 5-23
< 000549 43.60N  72.82W KLGN 11 KILLINGTON PEAK        VT  1289 Usr Rqst 5-23
< 000550 44.59N  72.92W NUND 11 NORTH UNDERHILL        VT   315 Usr Rqst 5-23
< 000551 43.98N  73.03W RIPT 11 RIPTON                 VT   512 Usr Rqst 5-23
< 000552 33.90N  87.31W KJFX 11 JASPER                 AL   100 Usr Rqst 5-23
< 000553 32.91N  85.96W KALX 11 ALEXANDER CITY         AL   209 Usr Rqst 5-23
< 000554 32.70N  80.00W KJZI 11 CHARLESTON EXEC ARPT   SC     6 Usr Rqst 5-23
< 000555 42.57N  77.71W KDSV 11 DANSVILLE              NY   215 Usr Rqst 5-23
< 000556 28.85N  80.23W NCPE 21 NORTH CAPE             FL  9999 Usr Rqst 5-23
< 000557 30.02N  80.25W JAXX 21 OFF JACKSONVILLE       FL  9999 Usr Rqst 5-23
< 000558 29.80N  87.50W PENX 21 OFF PENSACOLA          FL  9999 Usr Rqst 5-23
< 000559 28.50N  83.75W TPXX 21 OFF TAMPA              FL  9999 Usr Rqst 5-23
< 000560 29.25N  84.20W TLHX 21 OFF TALLAHASSEE        FL  9999 Usr Rqst 5-23
< 000561 29.80N  80.60W DABX 21 OFF DAYTONA BEACH      FL  9999 Usr Rqst 5-23
< 000562 29.77N  86.03W PANX 21 OFF PANAMA CITY        FL  9999 Usr Rqst 5-23
< 000563 44.64N 123.06W KS12 11 ALBANY                 OR    60 Usr Rqst 5-23
< 000564 45.52N 121.59W PRKD 11 PARKDALE               OR   526 Usr Rqst 5-23
< 000565 46.10N 124.50W OC29 21 BUOY 29                OR  9999 Usr Rqst 5-23
< 000566 44.60N 124.50W OC50 21 BUOY 50                OR  9999 Usr Rqst 5-23
< 000567 45.90N 125.80W OC89 21 BUOY 89                OR  9999 Usr Rqst 5-23
< 722267 31.86N  86.01W KTOI 11 TROY_MUNICIPAL          AL  121 Usr Rqst 5-23
< 724458 38.59N  92.16W KJEF 11 JEFFERSON CITY ARPT     MO  169 Usr Rqst 5-23
< 726963 45.42N 123.82W KTMK 11 TILLAMOOK               OR   11 Usr Rqst 5-23
