< 000530 41.24N  72.12W LIW  21 NEAR LONG ISL TWIN FK  NY  9999 Usr Rqst 5-23
< 000531 32.70N  80.00W CEA  11 CHARLESTON EXEC ARPT   SC     6 Usr Rqst 5-23
< 000532 47.91N  89.14W WINM 11 WINDIGO                MI   293 Usr Rqst 5-23
< 000533 46.67N  88.35W HERM 11 HERMAN                 MI   530 Usr Rqst 5-23
< 000534 45.24N 122.77W KUAO 11 AURORA AIRPORT         OR    59 Usr Rqst 5-23
< 000535 20.79N 156.01W PHHN 11 HANA AIRPORT           HI    24 Usr Rqst 5-23
< 000536 20.71N 156.25W HLKL 11 HALEAKALA SUMMIT       HI  3055 Usr Rqst 5-23
< 000537 19.82N 155.47W MKEA 11 MAUNA KEA SUMMIT       HI  4207 Usr Rqst 5-23
< 000538 22.04N 159.78W PHBK 11 BARKING SANDS          HI     7 Usr Rqst 5-23
< 000539 22.27N 155.86W PHUP 11 UPOLU AIRPORT          HI    29 Usr Rqst 5-23
< 000540 19.47N 155.59W MLOA 11 MAUNA LOA SUMMIT       HI  4169 Usr Rqst 5-23
< 000541 28.20N 177.38W PMDY 11 HENDERSON FIELD        HI     5 Usr Rqst 5-23
< 000542 22.21N 159.44W HI01 11 PRINCEVILLE AIRPORT    HI   105 Usr Rqst 5-23
< 000543 21.45N 157.77W PHNG 11 KANEOHE BAY MCAS       HI     7 Usr Rqst 5-23
< 000544 19.10N 155.57W SCPE 11 SOUTH CAPE             HI   355 Usr Rqst 5-23
< 000545 38.43N  79.84W GBO  11 GREEN BANK OBSERVATORY WV   807 Usr Rqst 5-23
< 000546 44.85N  74.33W MALO 11 MALONE                 NY   240 Usr Rqst 5-23
< 000547 44.56N  73.33W CLCR 21 COLCHESTER REEF        VT    29 Usr Rqst 5-23
< 000548 45.00N  73.33W ALBU 21 ALBAUGH                VT    38 Usr Rqst 5-23
< 000549 43.60N  72.82W KLGN 11 KILLINGTON PEAK        VT  1289 Usr Rqst 5-23
< 000550 44.59N  72.92W NUND 11 NORTH UNDERHILL        VT   315 Usr Rqst 5-23
< 000551 43.98N  73.03W RIPT 11 RIPTON                 VT   512 Usr Rqst 5-23
< 000552 33.90N  87.31W KJFX 11 JASPER                 AL   100 Usr Rqst 5-23
< 000553 32.91N  85.96W KALX 11 ALEXANDER CITY         AL   209 Usr Rqst 5-23
< 000554 32.70N  80.00W KJZI 11 CHARLESTON EXEC ARPT   SC     6 Usr Rqst 5-23
< 000555 42.57N  77.71W KDSV 11 DANSVILLE              NY   215 Usr Rqst 5-23
< 000556 28.85N  80.23W NCPE 21 NORTH CAPE             FL  9999 Usr Rqst 5-23
< 000557 30.02N  80.25W JAXX 21 OFF JACKSONVILLE       FL  9999 Usr Rqst 5-23
< 000558 29.80N  87.50W PENX 21 OFF PENSACOLA          FL  9999 Usr Rqst 5-23
< 000559 28.50N  83.75W TPXX 21 OFF TAMPA              FL  9999 Usr Rqst 5-23
< 000560 29.25N  84.20W TLHX 21 OFF TALLAHASSEE        FL  9999 Usr Rqst 5-23
< 000561 29.80N  80.60W DABX 21 OFF DAYTONA BEACH      FL  9999 Usr Rqst 5-23
< 000562 29.77N  86.03W PANX 21 OFF PANAMA CITY        FL  9999 Usr Rqst 5-23
< 000563 44.64N 123.06W KS12 11 ALBANY                 OR    60 Usr Rqst 5-23
< 000564 45.52N 121.59W PRKD 11 PARKDALE               OR   526 Usr Rqst 5-23
< 000565 46.10N 124.50W OC29 21 BUOY 29                OR  9999 Usr Rqst 5-23
< 000566 44.60N 124.50W OC50 21 BUOY 50                OR  9999 Usr Rqst 5-23
< 000567 45.90N 125.80W OC89 21 BUOY 89                OR  9999 Usr Rqst 5-23
< 001500 37.94N  23.94E LGAV 11 ATHENS, GREECE               94 Usr Rqst 5-23
< 001501 21.77N  72.27W MBPV 11 PROVIDENCIALES, T_C           9 Usr Rqst 5-23
< 001502 59.91N 150.72E UHMM 11 MAGADAN, RUSSIA             175 Usr Rqst 5-23
< 001503 53.17N 158.45E UHPP 11 PETROPAVLOVSK, RUSSIA        39 Usr Rqst 5-23
< 001504 60.95N  76.48E USNN 11 NIZHNEVARTOVSK, RUSSIA       54 Usr Rqst 5-23
< 039690 53.43N   6.25W EIDW 11 DUBLIN, IRELAND              68 Usr Rqst 5-23
< 066700 47.48N   8.54W LSZH 11 ZURICH, SWITZERLAND         426 Usr Rqst 5-23
< 068368 26.14S  28.23E FAJS 11 JOHANNESBURG / TAMBO       1695 Usr Rqst 5-23
< 071570 49.02N   2.53E LFPG 11 PARIS/ROISSY-EN-FRANCE      119 Usr Rqst 5-23
< 076900 43.65N   7.21E LFMN 11 NICE                          4 Usr Rqst 5-23
< 082210 40.47N   3.58W LEMD 11 MADRID                      631 Usr Rqst 5-23
< 085150 36.97N  25.17W LPAZ 11 SANTA MARIA ISL, PORTUGAL    96 Usr Rqst 5-23
< 085360 38.77N   9.13W LPPT 11 LISBON, PORTUGAL            114 Usr Rqst 5-23
< 160660 45.63N   8.72E LIMC 11 MILANO/MILAN                234 Usr Rqst 5-23
< 233300 66.53N  66.67E USDD 11 SALEKHARD, RUSSIA            15 Usr Rqst 5-23
< 303090 56.28N 101.75E UIBB 11 BRATSK, RUSSIA              411 Usr Rqst 5-23
< 307100 52.27N 104.32E UIII 11 DZERZHINSK, RUSSIA          467 Usr Rqst 5-23
< 317350 48.53N 135.19E UHHH 11 KHABAROVSK, RUSSIA           75 Usr Rqst 5-23
< 401800 32.00N  34.90E LLBG 11 TEL AVIV, ISRAEL             40 Usr Rqst 5-23
< 471130 37.47N 126.43E RKSI 11 SEOUL INCHEON, SOUTH KOREA    7 Usr Rqst 5-23
< 471280 36.72N 127.50E RKTU 11 CHONGIU, SOUTH KOREA         53 Usr Rqst 5-23
< 471820 33.50N 126.48E RKPC 11 CHEJU, SOUTH KOREA           36 Usr Rqst 5-23 
< 478080 33.58N 130.45E RJFF 11 FUKUOKA, JAPAN                9 Usr Rqst 5-23
< 489910 11.60N 104.86E VDPP 11 PHNOM-PENH, CAMBODIA         10 Usr Rqst 5-23
< 618320  9.57N  13.62W GUCY 11 CONAKRY, GUINEA              26 Usr Rqst 5-23
< 619800 20.89S  55.53E FMEE 11 ROLAND GARROS, REUNION       20 Usr Rqst 5-23
< 789480 13.75N  60.95W TLPL 11 HEWANORRA, ST LUCIA           3 Usr Rqst 5-23
< 789580 12.00N  61.78W TGPY 11 ST GEORGES, GRENADA           6 Usr Rqst 5-23
< 845150  8.37S  74.57W SPCL 11 PUCALLPA, PERU              148 Usr Rqst 5-23
